<?xml version="1.0" encoding="UTF-8"?>
<!-- Generated by org.testng.reporters.JUnitReportReporter -->
<testsuite skipped="0" hostname="PC-C02X50H9JGH8" name="apiTest.GetAllProduct_testCases" tests="1" failures="0" timestamp="2022-09-01T00:31:41 AEST" time="2.001" errors="0">
  <testcase name="getViewCategory_antipyretic" time="2.001" classname="apiTest.GetAllProduct_testCases"/>
  <system-out/>
</testsuite> <!-- apiTest.GetAllProduct_testCases -->
